Using pre-set license

 COMMAND LINE ARGUMENTS:
/Applications/Unity/Hub/Editor/2020.2.6f1/Unity.app/Contents/MacOS/Unity
-adb2
-batchMode
-noUpm
-name
AssetImportWorker0
-projectPath
/Users/mikekopotov/Desktop/Курсовая КГ/MKHouse
-logFile
Logs/AssetImportWorker0.log
-srvPort
52930
Successfully changed project path to: /Users/mikekopotov/Desktop/Курсовая КГ/MKHouse
/Users/mikekopotov/Desktop/Курсовая КГ/MKHouse
Using Asset Import Pipeline V2.
Refreshing native plugins compatible for Editor in 28.88 ms, found 1 plugins.
Preloading 0 native plugins for Editor in 0.00 ms.
Initialize engine version: 2020.2.6f1 (8a2143876886)
[Subsystems] Discovering subsystems at path /Applications/Unity/Hub/Editor/2020.2.6f1/Unity.app/Contents/Resources/UnitySubsystems
[Subsystems] Discovering subsystems at path /Users/mikekopotov/Desktop/Курсовая КГ/MKHouse/Assets
GfxDevice: creating device client; threaded=0
2021-05-15 23:58:13.627 Unity[1412:14704] iMac preferred device: AMD Radeon Pro 570 (high power)
2021-05-15 23:58:13.627 Unity[1412:14704] Metal devices available: 1
2021-05-15 23:58:13.627 Unity[1412:14704] 0: AMD Radeon Pro 570 (high power)
2021-05-15 23:58:13.627 Unity[1412:14704] Using device AMD Radeon Pro 570 (high power)
Initializing Metal device caps: AMD Radeon Pro 570
Initialize mono
Mono path[0] = '/Applications/Unity/Hub/Editor/2020.2.6f1/Unity.app/Contents/Managed'
Mono path[1] = '/Applications/Unity/Hub/Editor/2020.2.6f1/Unity.app/Contents/MonoBleedingEdge/lib/mono/unityjit'
Mono config path = '/Applications/Unity/Hub/Editor/2020.2.6f1/Unity.app/Contents/MonoBleedingEdge/etc'
Using monoOptions --debugger-agent=transport=dt_socket,embedding=1,server=y,suspend=n,address=127.0.0.1:56412
Begin MonoManager ReloadAssembly
Registering precompiled unity dll's ...
Register platform support module: /Applications/Unity/Hub/Editor/2020.2.6f1/Unity.app/Contents/PlaybackEngines/MacStandaloneSupport/UnityEditor.OSXStandalone.Extensions.dll
Registered in 0.000643 seconds.
Native extension for OSXStandalone target not found
Refreshing native plugins compatible for Editor in 27.97 ms, found 1 plugins.
Preloading 0 native plugins for Editor in 0.00 ms.
Invoked RoslynAnalysisRunner static constructor.
RoslynAnalysisRunner will not be running.
RoslynAnalysisRunner has terminated.
Mono: successfully reloaded assembly
- Completed reload, in  1.769 seconds
Platform modules already initialized, skipping
Registering precompiled user dll's ...
Registered in 0.000431 seconds.
Begin MonoManager ReloadAssembly
Native extension for OSXStandalone target not found
Refreshing native plugins compatible for Editor in 0.32 ms, found 1 plugins.
Preloading 0 native plugins for Editor in 0.00 ms.
Invoked RoslynAnalysisRunner static constructor.
RoslynAnalysisRunner will not be running.
RoslynAnalysisRunner has terminated.
Mono: successfully reloaded assembly
- Completed reload, in  1.180 seconds
Platform modules already initialized, skipping
========================================================================
Worker process is ready to serve import requests
Launching external process: /Applications/Unity/Hub/Editor/2020.2.6f1/Unity.app/Contents/Tools/UnityShaderCompiler
Launched and connected shader compiler UnityShaderCompiler after 0.01 seconds
Refreshing native plugins compatible for Editor in 0.26 ms, found 1 plugins.
Preloading 0 native plugins for Editor in 0.00 ms.
Unloading 1165 Unused Serialized files (Serialized files now loaded: 0)
System memory in use before: 138.0 MB.
System memory in use after: 138.1 MB.

Unloading 10 unused Assets to reduce memory usage. Loaded Objects now: 1628.
Total: 2.587903 ms (FindLiveObjects: 0.159802 ms CreateObjectMapping: 0.044192 ms MarkObjects: 2.300259 ms  DeleteObjects: 0.082593 ms)

========================================================================
Received Import Request.
  path: Assets/Character/Character.prefab
  artifactKey: Guid(a28a34213e432460d9f883ac1be3e39f) Importer(815301076,1909f56bfc062723c751e8b465ee728b)
Start importing Assets/Character/Character.prefab using Guid(a28a34213e432460d9f883ac1be3e39f) Importer(815301076,1909f56bfc062723c751e8b465ee728b)  -> (artifact id: 'f80ec5cc14d4d32a346e128ec203ff65') in 2.603486 seconds
  Import took 2.606644 seconds .

========================================================================
Received Import Request.
  Time since last request: 0.000342 seconds.
  path: Assets/Scenes/SampleScene.unity
  artifactKey: Guid(9fc0d4010bbf28b4594072e72b8655ab) Importer(815301076,1909f56bfc062723c751e8b465ee728b)
Start importing Assets/Scenes/SampleScene.unity using Guid(9fc0d4010bbf28b4594072e72b8655ab) Importer(815301076,1909f56bfc062723c751e8b465ee728b)  -> (artifact id: '42eede8db4b57c91aeceb623b3bb9ed6') in 0.001395 seconds
  Import took 0.003712 seconds .

