Using pre-set license

 COMMAND LINE ARGUMENTS:
/Applications/Unity/Hub/Editor/2020.2.6f1/Unity.app/Contents/MacOS/Unity
-adb2
-batchMode
-noUpm
-name
AssetImportWorker0
-projectPath
/Users/mikekopotov/Desktop/Курсовая КГ/MKHouse
-logFile
Logs/AssetImportWorker0.log
-srvPort
60576
Successfully changed project path to: /Users/mikekopotov/Desktop/Курсовая КГ/MKHouse
/Users/mikekopotov/Desktop/Курсовая КГ/MKHouse
Using Asset Import Pipeline V2.
Refreshing native plugins compatible for Editor in 27.54 ms, found 1 plugins.
Preloading 0 native plugins for Editor in 0.00 ms.
Initialize engine version: 2020.2.6f1 (8a2143876886)
[Subsystems] Discovering subsystems at path /Applications/Unity/Hub/Editor/2020.2.6f1/Unity.app/Contents/Resources/UnitySubsystems
[Subsystems] Discovering subsystems at path /Users/mikekopotov/Desktop/Курсовая КГ/MKHouse/Assets
GfxDevice: creating device client; threaded=0
2021-05-16 11:53:39.124 Unity[67175:256822] iMac preferred device: AMD Radeon Pro 570 (high power)
2021-05-16 11:53:39.124 Unity[67175:256822] Metal devices available: 1
2021-05-16 11:53:39.124 Unity[67175:256822] 0: AMD Radeon Pro 570 (high power)
2021-05-16 11:53:39.124 Unity[67175:256822] Using device AMD Radeon Pro 570 (high power)
Initializing Metal device caps: AMD Radeon Pro 570
Initialize mono
Mono path[0] = '/Applications/Unity/Hub/Editor/2020.2.6f1/Unity.app/Contents/Managed'
Mono path[1] = '/Applications/Unity/Hub/Editor/2020.2.6f1/Unity.app/Contents/MonoBleedingEdge/lib/mono/unityjit'
Mono config path = '/Applications/Unity/Hub/Editor/2020.2.6f1/Unity.app/Contents/MonoBleedingEdge/etc'
Using monoOptions --debugger-agent=transport=dt_socket,embedding=1,server=y,suspend=n,address=127.0.0.1:56175
Begin MonoManager ReloadAssembly
Registering precompiled unity dll's ...
Register platform support module: /Applications/Unity/Hub/Editor/2020.2.6f1/Unity.app/Contents/PlaybackEngines/MacStandaloneSupport/UnityEditor.OSXStandalone.Extensions.dll
Registered in 0.000698 seconds.
Native extension for OSXStandalone target not found
Refreshing native plugins compatible for Editor in 29.38 ms, found 1 plugins.
Preloading 0 native plugins for Editor in 0.00 ms.
Invoked RoslynAnalysisRunner static constructor.
RoslynAnalysisRunner will not be running.
RoslynAnalysisRunner has terminated.
Mono: successfully reloaded assembly
- Completed reload, in  1.508 seconds
Platform modules already initialized, skipping
Registering precompiled user dll's ...
Registered in 0.000595 seconds.
Begin MonoManager ReloadAssembly
Native extension for OSXStandalone target not found
Refreshing native plugins compatible for Editor in 0.23 ms, found 1 plugins.
Preloading 0 native plugins for Editor in 0.00 ms.
Invoked RoslynAnalysisRunner static constructor.
RoslynAnalysisRunner will not be running.
RoslynAnalysisRunner has terminated.
Mono: successfully reloaded assembly
- Completed reload, in  1.125 seconds
Platform modules already initialized, skipping
========================================================================
Worker process is ready to serve import requests
Launching external process: /Applications/Unity/Hub/Editor/2020.2.6f1/Unity.app/Contents/Tools/UnityShaderCompiler
Launched and connected shader compiler UnityShaderCompiler after 0.01 seconds
Refreshing native plugins compatible for Editor in 0.20 ms, found 1 plugins.
Preloading 0 native plugins for Editor in 0.00 ms.
Unloading 1166 Unused Serialized files (Serialized files now loaded: 0)
System memory in use before: 138.1 MB.
System memory in use after: 138.2 MB.

Unloading 10 unused Assets to reduce memory usage. Loaded Objects now: 1629.
Total: 2.579794 ms (FindLiveObjects: 0.168107 ms CreateObjectMapping: 0.064522 ms MarkObjects: 2.218224 ms  DeleteObjects: 0.127801 ms)

========================================================================
Received Import Request.
  path: Assets/3D/Special Materials/jj_door_3_white.prefab
  artifactKey: Guid(bc131f40f28c0418e9246e51de21fb54) Importer(815301076,1909f56bfc062723c751e8b465ee728b)
Start importing Assets/3D/Special Materials/jj_door_3_white.prefab using Guid(bc131f40f28c0418e9246e51de21fb54) Importer(815301076,1909f56bfc062723c751e8b465ee728b)  -> (artifact id: '328109bc69ffebde4693b74e352a07a0') in 1.396760 seconds
  Import took 1.461342 seconds .

========================================================================
Received Prepare
Registering precompiled user dll's ...
Registered in 0.000338 seconds.
Begin MonoManager ReloadAssembly
Native extension for OSXStandalone target not found
Refreshing native plugins compatible for Editor in 0.22 ms, found 1 plugins.
Preloading 0 native plugins for Editor in 0.00 ms.
Invoked RoslynAnalysisRunner static constructor.
RoslynAnalysisRunner will not be running.
RoslynAnalysisRunner has terminated.
Mono: successfully reloaded assembly
- Completed reload, in  1.003 seconds
Platform modules already initialized, skipping
Refreshing native plugins compatible for Editor in 0.21 ms, found 1 plugins.
Preloading 0 native plugins for Editor in 0.00 ms.
Unloading 1161 Unused Serialized files (Serialized files now loaded: 0)
System memory in use before: 142.9 MB.
System memory in use after: 143.0 MB.

Unloading 5 unused Assets to reduce memory usage. Loaded Objects now: 1631.
Total: 1.832590 ms (FindLiveObjects: 0.242163 ms CreateObjectMapping: 0.074492 ms MarkObjects: 1.461734 ms  DeleteObjects: 0.053405 ms)

========================================================================
Received Import Request.
  Time since last request: 17.982921 seconds.
  path: Assets/3D/Special Materials/DoorScript.cs
  artifactKey: Guid(d185eff6fd63e429691df00754c16036) Importer(815301076,1909f56bfc062723c751e8b465ee728b)
Start importing Assets/3D/Special Materials/DoorScript.cs using Guid(d185eff6fd63e429691df00754c16036) Importer(815301076,1909f56bfc062723c751e8b465ee728b)  -> (artifact id: 'f32f4191213eb7a239edbda2d08c8a46') in 3.415314 seconds
  Import took 3.444753 seconds .

========================================================================
Received Prepare
Registering precompiled user dll's ...
Registered in 0.000403 seconds.
Begin MonoManager ReloadAssembly
Native extension for OSXStandalone target not found
Refreshing native plugins compatible for Editor in 0.21 ms, found 1 plugins.
Preloading 0 native plugins for Editor in 0.00 ms.
Invoked RoslynAnalysisRunner static constructor.
RoslynAnalysisRunner will not be running.
RoslynAnalysisRunner has terminated.
Mono: successfully reloaded assembly
- Completed reload, in  0.959 seconds
Platform modules already initialized, skipping
Refreshing native plugins compatible for Editor in 0.20 ms, found 1 plugins.
Preloading 0 native plugins for Editor in 0.00 ms.
Unloading 1160 Unused Serialized files (Serialized files now loaded: 0)
System memory in use before: 147.5 MB.
System memory in use after: 147.6 MB.

Unloading 6 unused Assets to reduce memory usage. Loaded Objects now: 1632.
Total: 1.618465 ms (FindLiveObjects: 0.211090 ms CreateObjectMapping: 0.034335 ms MarkObjects: 1.323016 ms  DeleteObjects: 0.049142 ms)

